<?xml version="1.0" encoding="UTF-8" ?>
<testsuite errors="0" failures="0" hostname="madang02-pc" name="kr.pe.codda.common.asyn.ToLetterTest" skipped="0" tests="2" time="0.215" timestamp="2018-05-07T06:01:52">
  <properties>
    <property name="java.vendor" value="Oracle Corporation" />
    <property name="dir.build" value="D:\gitmadang\codda\core\common\build" />
    <property name="sun.java.launcher" value="SUN_STANDARD" />
    <property name="sun.management.compiler" value="HotSpot 64-Bit Tiered Compilers" />
    <property name="dir.mainsrc" value="D:\gitmadang\codda\core\common\src\main\java" />
    <property name="dir.dist" value="D:\gitmadang\codda\core\common\dist" />
    <property name="os.name" value="Windows 10" />
    <property name="sun.boot.class.path" value="C:\Program Files\Java\jdk1.8.0_171\jre\lib\resources.jar;C:\Program Files\Java\jdk1.8.0_171\jre\lib\rt.jar;C:\Program Files\Java\jdk1.8.0_171\jre\lib\sunrsasign.jar;C:\Program Files\Java\jdk1.8.0_171\jre\lib\jsse.jar;C:\Program Files\Java\jdk1.8.0_171\jre\lib\jce.jar;C:\Program Files\Java\jdk1.8.0_171\jre\lib\charsets.jar;C:\Program Files\Java\jdk1.8.0_171\jre\lib\jfr.jar;C:\Program Files\Java\jdk1.8.0_171\jre\classes" />
    <property name="sun.desktop" value="windows" />
    <property name="java.vm.specification.vendor" value="Oracle Corporation" />
    <property name="ant.home" value="D:\apache-ant-1.9.11\bin\.." />
    <property name="java.runtime.version" value="1.8.0_171-b11" />
    <property name="user.name" value="madang03" />
    <property name="is.windows.yes" value="true" />
    <property name="dir.report" value="D:\gitmadang\codda\core\common\report" />
    <property name="user.language" value="ko" />
    <property name="sun.boot.library.path" value="C:\Program Files\Java\jdk1.8.0_171\jre\bin" />
    <property name="ant.project.default-target" value="make" />
    <property name="ant.project.name" value="codda_common" />
    <property name="java.version" value="1.8.0_171" />
    <property name="user.timezone" value="" />
    <property name="java.complile.option.debug" value="on" />
    <property name="sun.arch.data.model" value="64" />
    <property name="java.endorsed.dirs" value="C:\Program Files\Java\jdk1.8.0_171\jre\lib\endorsed" />
    <property name="sun.cpu.isalist" value="amd64" />
    <property name="sun.jnu.encoding" value="MS949" />
    <property name="file.encoding.pkg" value="sun.io" />
    <property name="file.separator" value="\" />
    <property name="java.specification.name" value="Java Platform API Specification" />
    <property name="ant.file.codda_common" value="D:\gitmadang\codda\core\common\build.xml" />
    <property name="java.class.version" value="52.0" />
    <property name="dir.testlib" value="D:\gitmadang\codda\core\common\lib\test" />
    <property name="user.country" value="KR" />
    <property name="ant.file.type.codda_common" value="file" />
    <property name="java.home" value="C:\Program Files\Java\jdk1.8.0_171\jre" />
    <property name="dir.core.junitlib.build" value="D:\gitmadang\codda\core\junitlib" />
    <property name="java.vm.info" value="mixed mode" />
    <property name="ant.file" value="D:\gitmadang\codda\core\common\build.xml" />
    <property name="os.version" value="10.0" />
    <property name="dir.logger.build" value="D:\gitmadang\codda\core\logger" />
    <property name="path.separator" value=";" />
    <property name="java.vm.version" value="25.171-b11" />
    <property name="user.variant" value="" />
    <property name="ant.library.dir" value="D:\apache-ant-1.9.11\lib" />
    <property name="java.awt.printerjob" value="sun.awt.windows.WPrinterJob" />
    <property name="sun.io.unicode.encoding" value="UnicodeLittle" />
    <property name="awt.toolkit" value="sun.awt.windows.WToolkit" />
    <property name="sun.stdout.encoding" value="ms949" />
    <property name="user.script" value="" />
    <property name="user.home" value="C:\Users\user" />
    <property name="java.specification.vendor" value="Oracle Corporation" />
    <property name="java.library.path" value="C:\Program Files\Java\jdk1.8.0_171\jre\bin;C:\WINDOWS\Sun\Java\bin;C:\WINDOWS\system32;C:\WINDOWS;C:\Program Files (x86)\Common Files\Oracle\Java\javapath;C:\Windows\system32;C:\Windows;C:\Windows\System32\Wbem;C:\Windows\System32\WindowsPowerShell\v1.0\;C:\Program Files (x86)\NVIDIA Corporation\PhysX\Common;C:\Program Files\Java\jdk1.8.0_171\bin;C:\Program Files\Git\cmd;D:\apache-ant-1.9.11\bin;C:\WINDOWS\system32;C:\WINDOWS;C:\WINDOWS\System32\Wbem;C:\WINDOWS\System32\WindowsPowerShell\v1.0\;D:\gradle-4.5\bin;C:\Users\user\AppData\Local\Microsoft\WindowsApps;;." />
    <property name="java.vendor.url" value="http://java.oracle.com/" />
    <property name="java.vm.vendor" value="Oracle Corporation" />
    <property name="java.runtime.name" value="Java(TM) SE Runtime Environment" />
    <property name="sun.java.command" value="org.apache.tools.ant.taskdefs.optional.junit.JUnitTestRunner kr.pe.codda.common.asyn.ToLetterTest skipNonTests=false filtertrace=true haltOnError=true haltOnFailure=true formatter=org.apache.tools.ant.taskdefs.optional.junit.SummaryJUnitResultFormatter showoutput=true outputtoformatters=true logfailedtests=true threadid=0 logtestlistenerevents=false formatter=org.apache.tools.ant.taskdefs.optional.junit.XMLJUnitResultFormatter,D:\gitmadang\codda\core\common\report\TEST-kr.pe.codda.common.asyn.ToLetterTest.xml crashfile=D:\gitmadang\codda\core\common\junitvmwatcher3716431492083857728.properties propsfile=D:\gitmadang\codda\core\common\junit6299291922567150742.properties" />
    <property name="java.class.path" value="D:\gitmadang\codda\core\junitlib\lib\ex\hamcrest-core-1.3.jar;D:\gitmadang\codda\core\junitlib\lib\ex\junit-4.12.jar;D:\gitmadang\codda\core\junitlib\lib\ex\byte-buddy-1.7.9.jar;D:\gitmadang\codda\core\junitlib\lib\ex\byte-buddy-agent-1.7.9.jar;D:\gitmadang\codda\core\junitlib\lib\ex\mockito-core-2.13.4.jar;D:\gitmadang\codda\core\junitlib\lib\ex\objenesis-2.6.jar;D:\gitmadang\codda\core\junitlib\lib\ex\commons-exec-1.3.jar;D:\gitmadang\codda\core\common\dist\codda-core-common.jar;D:\gitmadang\codda\core\common\lib\main\ex\commons-codec-1.11.jar;D:\gitmadang\codda\core\common\lib\main\ex\commons-collections4-4.1.jar;D:\gitmadang\codda\core\common\lib\main\ex\commons-io-2.6.jar;D:\gitmadang\codda\core\logger\lib\ex\slf4j-api-1.7.25.jar;D:\gitmadang\codda\core\logger\lib\ex\logback-core-1.2.3.jar;D:\gitmadang\codda\core\logger\lib\ex\logback-classic-1.2.3.jar;D:\gitmadang\codda\core\logger\lib\ex\jcl-over-slf4j-1.7.25.jar;D:\gitmadang\codda\core\common\build\test;D:\apache-ant-1.9.11\lib\ant-launcher.jar;D:\apache-ant-1.9.11\lib\ant.jar;D:\apache-ant-1.9.11\lib\ant-junit.jar;D:\apache-ant-1.9.11\lib\ant-junit4.jar" />
    <property name="ant.version" value="Apache Ant(TM) version 1.9.11 compiled on March 23 2018" />
    <property name="core.logger.jar.name" value="codda-logger.jar" />
    <property name="dir.testsrc" value="D:\gitmadang\codda\core\common\src\test\java" />
    <property name="java.vm.specification.name" value="Java Virtual Machine Specification" />
    <property name="ant.file.type" value="file" />
    <property name="java.vm.specification.version" value="1.8" />
    <property name="sun.cpu.endian" value="little" />
    <property name="sun.os.patch.level" value="" />
    <property name="dir.mainlib" value="D:\gitmadang\codda\core\common\lib\main" />
    <property name="java.io.tmpdir" value="C:\Users\user\AppData\Local\Temp\" />
    <property name="java.vendor.url.bug" value="http://bugreport.sun.com/bugreport/" />
    <property name="os.arch" value="amd64" />
    <property name="java.awt.graphicsenv" value="sun.awt.Win32GraphicsEnvironment" />
    <property name="java.ext.dirs" value="C:\Program Files\Java\jdk1.8.0_171\jre\lib\ext;C:\WINDOWS\Sun\Java\lib\ext" />
    <property name="user.dir" value="D:\gitmadang\codda\core\common" />
    <property name="line.separator" value="&#xd;&#xa;" />
    <property name="java.vm.name" value="Java HotSpot(TM) 64-Bit Server VM" />
    <property name="core.common.jar.name" value="codda-core-common.jar" />
    <property name="basedir" value="D:\gitmadang\codda\core\common" />
    <property name="ant.java.version" value="1.8" />
    <property name="ant.core.lib" value="D:\apache-ant-1.9.11\lib\ant.jar" />
    <property name="file.encoding" value="MS949" />
    <property name="sun.stderr.encoding" value="ms949" />
    <property name="java.specification.version" value="1.8" />
    <property name="ant.project.invoked-targets" value="test" />
  </properties>
  <testcase classname="kr.pe.codda.common.asyn.ToLetterTest" name="testConstructor_theParameterToSCIsNull" time="0.001" />
  <testcase classname="kr.pe.codda.common.asyn.ToLetterTest" name="testConstructor_theParameterMessageIDIsNull" time="0.01" />
  <system-out><![CDATA[INFO  2018-05-07 15:01:52.265 [main] the parameter messageID is null (ToLetterTest.java:59)
]]></system-out>
  <system-err><![CDATA[]]></system-err>
</testsuite>
